0 info it worked if it ends with ok
1 verbose cli [ '/home/ubuntu/.nvm/versions/node/v6.7.0/bin/node',
1 verbose cli   '/home/ubuntu/.nvm/versions/node/v6.7.0/bin/npm',
1 verbose cli   'run',
1 verbose cli   'build' ]
2 info using npm@3.10.3
3 info using node@v6.7.0
4 verbose run-script [ 'prebuild', 'build', 'postbuild' ]
5 info lifecycle mynatural@~prebuild: mynatural@
6 silly lifecycle mynatural@~prebuild: no script for prebuild, continuing
7 info lifecycle mynatural@~build: mynatural@
8 verbose lifecycle mynatural@~build: unsafe-perm in lifecycle true
9 verbose lifecycle mynatural@~build: PATH: /home/ubuntu/.nvm/versions/node/v6.7.0/lib/node_modules/npm/bin/node-gyp-bin:/home/ubuntu/workspace/node_modules/.bin:/home/ubuntu/.nvm/versions/node/v6.7.0/bin:/usr/local/rvm/gems/ruby-2.3.1/bin:/usr/local/rvm/gems/ruby-2.3.1@global/bin:/usr/local/rvm/rubies/ruby-2.3.1/bin:/usr/local/rvm/bin:/home/ubuntu/.nvm/versions/node/v6.7.0/bin:/mnt/shared/bin:/home/ubuntu/workspace/node_modules/.bin:/home/ubuntu/bin:/usr/local/sbin:/usr/local/bin:/usr/sbin:/usr/bin:/sbin:/bin:/mnt/shared/sbin:/opt/gitl:/opt/go/bin:/mnt/shared/c9/app.nw/bin
10 verbose lifecycle mynatural@~build: CWD: /home/ubuntu/workspace
11 silly lifecycle mynatural@~build: Args: [ '-c', 'ionic-app-scripts build' ]
12 silly lifecycle mynatural@~build: Returned: code: 1  signal: null
13 info lifecycle mynatural@~build: Failed to exec build script
14 verbose stack Error: mynatural@ build: `ionic-app-scripts build`
14 verbose stack Exit status 1
14 verbose stack     at EventEmitter.<anonymous> (/home/ubuntu/.nvm/versions/node/v6.7.0/lib/node_modules/npm/lib/utils/lifecycle.js:242:16)
14 verbose stack     at emitTwo (events.js:106:13)
14 verbose stack     at EventEmitter.emit (events.js:191:7)
14 verbose stack     at ChildProcess.<anonymous> (/home/ubuntu/.nvm/versions/node/v6.7.0/lib/node_modules/npm/lib/utils/spawn.js:40:14)
14 verbose stack     at emitTwo (events.js:106:13)
14 verbose stack     at ChildProcess.emit (events.js:191:7)
14 verbose stack     at maybeClose (internal/child_process.js:877:16)
14 verbose stack     at Process.ChildProcess._handle.onexit (internal/child_process.js:226:5)
15 verbose pkgid mynatural@
16 verbose cwd /home/ubuntu/workspace
17 error Linux 4.2.0-c9
18 error argv "/home/ubuntu/.nvm/versions/node/v6.7.0/bin/node" "/home/ubuntu/.nvm/versions/node/v6.7.0/bin/npm" "run" "build"
19 error node v6.7.0
20 error npm  v3.10.3
21 error code ELIFECYCLE
22 error mynatural@ build: `ionic-app-scripts build`
22 error Exit status 1
23 error Failed at the mynatural@ build script 'ionic-app-scripts build'.
23 error Make sure you have the latest version of node.js and npm installed.
23 error If you do, this is most likely a problem with the mynatural package,
23 error not with npm itself.
23 error Tell the author that this fails on your system:
23 error     ionic-app-scripts build
23 error You can get information on how to open an issue for this project with:
23 error     npm bugs mynatural
23 error Or if that isn't available, you can get their info via:
23 error     npm owner ls mynatural
23 error There is likely additional logging output above.
24 verbose exit [ 1, true ]
